<?xml version="1.0" encoding="UTF-8"?>
<testsuite xmlns:xsi="http://www.w3.org/2001/XMLSchema-instance" xsi:noNamespaceSchemaLocation="https://maven.apache.org/surefire/maven-surefire-plugin/xsd/surefire-test-report-3.0.xsd" version="3.0" name="com.example.batchprocessing.BatchConfigurationTest" time="2.939" tests="1" errors="0" skipped="0" failures="0">
  <properties>
    <property name="java.specification.version" value="18"/>
    <property name="sun.cpu.isalist" value="amd64"/>
    <property name="sun.jnu.encoding" value="Cp1252"/>
    <property name="java.class.path" value="C:\Users\Family\git\spring-batch-with-hsql-database\target\test-classes;C:\Users\Family\git\spring-batch-with-hsql-database\target\classes;C:\Users\Family\.m2\repository\org\springframework\boot\spring-boot-starter-batch\3.2.0\spring-boot-starter-batch-3.2.0.jar;C:\Users\Family\.m2\repository\org\springframework\boot\spring-boot-starter\3.2.0\spring-boot-starter-3.2.0.jar;C:\Users\Family\.m2\repository\org\springframework\boot\spring-boot\3.2.0\spring-boot-3.2.0.jar;C:\Users\Family\.m2\repository\org\springframework\boot\spring-boot-autoconfigure\3.2.0\spring-boot-autoconfigure-3.2.0.jar;C:\Users\Family\.m2\repository\org\springframework\boot\spring-boot-starter-logging\3.2.0\spring-boot-starter-logging-3.2.0.jar;C:\Users\Family\.m2\repository\ch\qos\logback\logback-classic\1.4.11\logback-classic-1.4.11.jar;C:\Users\Family\.m2\repository\ch\qos\logback\logback-core\1.4.11\logback-core-1.4.11.jar;C:\Users\Family\.m2\repository\org\apache\logging\log4j\log4j-to-slf4j\2.21.1\log4j-to-slf4j-2.21.1.jar;C:\Users\Family\.m2\repository\org\apache\logging\log4j\log4j-api\2.21.1\log4j-api-2.21.1.jar;C:\Users\Family\.m2\repository\org\slf4j\jul-to-slf4j\2.0.9\jul-to-slf4j-2.0.9.jar;C:\Users\Family\.m2\repository\jakarta\annotation\jakarta.annotation-api\2.1.1\jakarta.annotation-api-2.1.1.jar;C:\Users\Family\.m2\repository\org\yaml\snakeyaml\2.2\snakeyaml-2.2.jar;C:\Users\Family\.m2\repository\org\springframework\batch\spring-batch-core\5.1.0\spring-batch-core-5.1.0.jar;C:\Users\Family\.m2\repository\org\springframework\batch\spring-batch-infrastructure\5.1.0\spring-batch-infrastructure-5.1.0.jar;C:\Users\Family\.m2\repository\org\springframework\retry\spring-retry\2.0.4\spring-retry-2.0.4.jar;C:\Users\Family\.m2\repository\org\springframework\spring-aop\6.1.1\spring-aop-6.1.1.jar;C:\Users\Family\.m2\repository\org\springframework\spring-beans\6.1.1\spring-beans-6.1.1.jar;C:\Users\Family\.m2\repository\org\springframework\spring-context\6.1.1\spring-context-6.1.1.jar;C:\Users\Family\.m2\repository\org\springframework\spring-expression\6.1.1\spring-expression-6.1.1.jar;C:\Users\Family\.m2\repository\org\springframework\spring-tx\6.1.1\spring-tx-6.1.1.jar;C:\Users\Family\.m2\repository\io\micrometer\micrometer-core\1.12.0\micrometer-core-1.12.0.jar;C:\Users\Family\.m2\repository\io\micrometer\micrometer-commons\1.12.0\micrometer-commons-1.12.0.jar;C:\Users\Family\.m2\repository\org\hdrhistogram\HdrHistogram\2.1.12\HdrHistogram-2.1.12.jar;C:\Users\Family\.m2\repository\org\latencyutils\LatencyUtils\2.0.3\LatencyUtils-2.0.3.jar;C:\Users\Family\.m2\repository\io\micrometer\micrometer-observation\1.12.0\micrometer-observation-1.12.0.jar;C:\Users\Family\.m2\repository\org\springframework\boot\spring-boot-starter-jdbc\3.2.0\spring-boot-starter-jdbc-3.2.0.jar;C:\Users\Family\.m2\repository\com\zaxxer\HikariCP\5.0.1\HikariCP-5.0.1.jar;C:\Users\Family\.m2\repository\org\slf4j\slf4j-api\2.0.9\slf4j-api-2.0.9.jar;C:\Users\Family\.m2\repository\org\springframework\spring-jdbc\6.1.1\spring-jdbc-6.1.1.jar;C:\Users\Family\.m2\repository\org\hsqldb\hsqldb\2.7.2\hsqldb-2.7.2.jar;C:\Users\Family\.m2\repository\com\h2database\h2\2.2.224\h2-2.2.224.jar;C:\Users\Family\.m2\repository\org\springframework\boot\spring-boot-starter-test\3.2.0\spring-boot-starter-test-3.2.0.jar;C:\Users\Family\.m2\repository\org\springframework\boot\spring-boot-test\3.2.0\spring-boot-test-3.2.0.jar;C:\Users\Family\.m2\repository\org\springframework\boot\spring-boot-test-autoconfigure\3.2.0\spring-boot-test-autoconfigure-3.2.0.jar;C:\Users\Family\.m2\repository\com\jayway\jsonpath\json-path\2.8.0\json-path-2.8.0.jar;C:\Users\Family\.m2\repository\jakarta\xml\bind\jakarta.xml.bind-api\4.0.1\jakarta.xml.bind-api-4.0.1.jar;C:\Users\Family\.m2\repository\jakarta\activation\jakarta.activation-api\2.1.2\jakarta.activation-api-2.1.2.jar;C:\Users\Family\.m2\repository\net\minidev\json-smart\2.5.0\json-smart-2.5.0.jar;C:\Users\Family\.m2\repository\net\minidev\accessors-smart\2.5.0\accessors-smart-2.5.0.jar;C:\Users\Family\.m2\repository\org\ow2\asm\asm\9.3\asm-9.3.jar;C:\Users\Family\.m2\repository\org\assertj\assertj-core\3.24.2\assertj-core-3.24.2.jar;C:\Users\Family\.m2\repository\net\bytebuddy\byte-buddy\1.14.10\byte-buddy-1.14.10.jar;C:\Users\Family\.m2\repository\org\awaitility\awaitility\4.2.0\awaitility-4.2.0.jar;C:\Users\Family\.m2\repository\org\hamcrest\hamcrest\2.2\hamcrest-2.2.jar;C:\Users\Family\.m2\repository\org\junit\jupiter\junit-jupiter\5.10.1\junit-jupiter-5.10.1.jar;C:\Users\Family\.m2\repository\org\junit\jupiter\junit-jupiter-api\5.10.1\junit-jupiter-api-5.10.1.jar;C:\Users\Family\.m2\repository\org\opentest4j\opentest4j\1.3.0\opentest4j-1.3.0.jar;C:\Users\Family\.m2\repository\org\junit\platform\junit-platform-commons\1.10.1\junit-platform-commons-1.10.1.jar;C:\Users\Family\.m2\repository\org\apiguardian\apiguardian-api\1.1.2\apiguardian-api-1.1.2.jar;C:\Users\Family\.m2\repository\org\junit\jupiter\junit-jupiter-params\5.10.1\junit-jupiter-params-5.10.1.jar;C:\Users\Family\.m2\repository\org\junit\jupiter\junit-jupiter-engine\5.10.1\junit-jupiter-engine-5.10.1.jar;C:\Users\Family\.m2\repository\org\junit\platform\junit-platform-engine\1.10.1\junit-platform-engine-1.10.1.jar;C:\Users\Family\.m2\repository\org\mockito\mockito-core\5.7.0\mockito-core-5.7.0.jar;C:\Users\Family\.m2\repository\net\bytebuddy\byte-buddy-agent\1.14.10\byte-buddy-agent-1.14.10.jar;C:\Users\Family\.m2\repository\org\objenesis\objenesis\3.3\objenesis-3.3.jar;C:\Users\Family\.m2\repository\org\mockito\mockito-junit-jupiter\5.7.0\mockito-junit-jupiter-5.7.0.jar;C:\Users\Family\.m2\repository\org\skyscreamer\jsonassert\1.5.1\jsonassert-1.5.1.jar;C:\Users\Family\.m2\repository\com\vaadin\external\google\android-json\0.0.20131108.vaadin1\android-json-0.0.20131108.vaadin1.jar;C:\Users\Family\.m2\repository\org\springframework\spring-core\6.1.1\spring-core-6.1.1.jar;C:\Users\Family\.m2\repository\org\springframework\spring-jcl\6.1.1\spring-jcl-6.1.1.jar;C:\Users\Family\.m2\repository\org\springframework\spring-test\6.1.1\spring-test-6.1.1.jar;C:\Users\Family\.m2\repository\org\xmlunit\xmlunit-core\2.9.1\xmlunit-core-2.9.1.jar;C:\Users\Family\.m2\repository\org\springframework\batch\spring-batch-test\5.1.0\spring-batch-test-5.1.0.jar;"/>
    <property name="java.vm.vendor" value="Oracle Corporation"/>
    <property name="sun.arch.data.model" value="64"/>
    <property name="user.variant" value=""/>
    <property name="java.vendor.url" value="https://java.oracle.com/"/>
    <property name="user.timezone" value="Europe/Zurich"/>
    <property name="os.name" value="Windows 10"/>
    <property name="java.vm.specification.version" value="18"/>
    <property name="sun.java.launcher" value="SUN_STANDARD"/>
    <property name="user.country" value="CH"/>
    <property name="sun.boot.library.path" value="C:\Program Files\Java\jdk-18.0.2.1\bin"/>
    <property name="sun.java.command" value="C:\Users\Family\AppData\Local\Temp\surefire17024316277354518116\surefirebooter-20240614213221222_3.jar C:\Users\Family\AppData\Local\Temp\surefire17024316277354518116 2024-06-14T21-32-21_030-jvmRun1 surefire-20240614213221222_1tmp surefire_0-20240614213221222_2tmp"/>
    <property name="jdk.debug" value="release"/>
    <property name="surefire.test.class.path" value="C:\Users\Family\git\spring-batch-with-hsql-database\target\test-classes;C:\Users\Family\git\spring-batch-with-hsql-database\target\classes;C:\Users\Family\.m2\repository\org\springframework\boot\spring-boot-starter-batch\3.2.0\spring-boot-starter-batch-3.2.0.jar;C:\Users\Family\.m2\repository\org\springframework\boot\spring-boot-starter\3.2.0\spring-boot-starter-3.2.0.jar;C:\Users\Family\.m2\repository\org\springframework\boot\spring-boot\3.2.0\spring-boot-3.2.0.jar;C:\Users\Family\.m2\repository\org\springframework\boot\spring-boot-autoconfigure\3.2.0\spring-boot-autoconfigure-3.2.0.jar;C:\Users\Family\.m2\repository\org\springframework\boot\spring-boot-starter-logging\3.2.0\spring-boot-starter-logging-3.2.0.jar;C:\Users\Family\.m2\repository\ch\qos\logback\logback-classic\1.4.11\logback-classic-1.4.11.jar;C:\Users\Family\.m2\repository\ch\qos\logback\logback-core\1.4.11\logback-core-1.4.11.jar;C:\Users\Family\.m2\repository\org\apache\logging\log4j\log4j-to-slf4j\2.21.1\log4j-to-slf4j-2.21.1.jar;C:\Users\Family\.m2\repository\org\apache\logging\log4j\log4j-api\2.21.1\log4j-api-2.21.1.jar;C:\Users\Family\.m2\repository\org\slf4j\jul-to-slf4j\2.0.9\jul-to-slf4j-2.0.9.jar;C:\Users\Family\.m2\repository\jakarta\annotation\jakarta.annotation-api\2.1.1\jakarta.annotation-api-2.1.1.jar;C:\Users\Family\.m2\repository\org\yaml\snakeyaml\2.2\snakeyaml-2.2.jar;C:\Users\Family\.m2\repository\org\springframework\batch\spring-batch-core\5.1.0\spring-batch-core-5.1.0.jar;C:\Users\Family\.m2\repository\org\springframework\batch\spring-batch-infrastructure\5.1.0\spring-batch-infrastructure-5.1.0.jar;C:\Users\Family\.m2\repository\org\springframework\retry\spring-retry\2.0.4\spring-retry-2.0.4.jar;C:\Users\Family\.m2\repository\org\springframework\spring-aop\6.1.1\spring-aop-6.1.1.jar;C:\Users\Family\.m2\repository\org\springframework\spring-beans\6.1.1\spring-beans-6.1.1.jar;C:\Users\Family\.m2\repository\org\springframework\spring-context\6.1.1\spring-context-6.1.1.jar;C:\Users\Family\.m2\repository\org\springframework\spring-expression\6.1.1\spring-expression-6.1.1.jar;C:\Users\Family\.m2\repository\org\springframework\spring-tx\6.1.1\spring-tx-6.1.1.jar;C:\Users\Family\.m2\repository\io\micrometer\micrometer-core\1.12.0\micrometer-core-1.12.0.jar;C:\Users\Family\.m2\repository\io\micrometer\micrometer-commons\1.12.0\micrometer-commons-1.12.0.jar;C:\Users\Family\.m2\repository\org\hdrhistogram\HdrHistogram\2.1.12\HdrHistogram-2.1.12.jar;C:\Users\Family\.m2\repository\org\latencyutils\LatencyUtils\2.0.3\LatencyUtils-2.0.3.jar;C:\Users\Family\.m2\repository\io\micrometer\micrometer-observation\1.12.0\micrometer-observation-1.12.0.jar;C:\Users\Family\.m2\repository\org\springframework\boot\spring-boot-starter-jdbc\3.2.0\spring-boot-starter-jdbc-3.2.0.jar;C:\Users\Family\.m2\repository\com\zaxxer\HikariCP\5.0.1\HikariCP-5.0.1.jar;C:\Users\Family\.m2\repository\org\slf4j\slf4j-api\2.0.9\slf4j-api-2.0.9.jar;C:\Users\Family\.m2\repository\org\springframework\spring-jdbc\6.1.1\spring-jdbc-6.1.1.jar;C:\Users\Family\.m2\repository\org\hsqldb\hsqldb\2.7.2\hsqldb-2.7.2.jar;C:\Users\Family\.m2\repository\com\h2database\h2\2.2.224\h2-2.2.224.jar;C:\Users\Family\.m2\repository\org\springframework\boot\spring-boot-starter-test\3.2.0\spring-boot-starter-test-3.2.0.jar;C:\Users\Family\.m2\repository\org\springframework\boot\spring-boot-test\3.2.0\spring-boot-test-3.2.0.jar;C:\Users\Family\.m2\repository\org\springframework\boot\spring-boot-test-autoconfigure\3.2.0\spring-boot-test-autoconfigure-3.2.0.jar;C:\Users\Family\.m2\repository\com\jayway\jsonpath\json-path\2.8.0\json-path-2.8.0.jar;C:\Users\Family\.m2\repository\jakarta\xml\bind\jakarta.xml.bind-api\4.0.1\jakarta.xml.bind-api-4.0.1.jar;C:\Users\Family\.m2\repository\jakarta\activation\jakarta.activation-api\2.1.2\jakarta.activation-api-2.1.2.jar;C:\Users\Family\.m2\repository\net\minidev\json-smart\2.5.0\json-smart-2.5.0.jar;C:\Users\Family\.m2\repository\net\minidev\accessors-smart\2.5.0\accessors-smart-2.5.0.jar;C:\Users\Family\.m2\repository\org\ow2\asm\asm\9.3\asm-9.3.jar;C:\Users\Family\.m2\repository\org\assertj\assertj-core\3.24.2\assertj-core-3.24.2.jar;C:\Users\Family\.m2\repository\net\bytebuddy\byte-buddy\1.14.10\byte-buddy-1.14.10.jar;C:\Users\Family\.m2\repository\org\awaitility\awaitility\4.2.0\awaitility-4.2.0.jar;C:\Users\Family\.m2\repository\org\hamcrest\hamcrest\2.2\hamcrest-2.2.jar;C:\Users\Family\.m2\repository\org\junit\jupiter\junit-jupiter\5.10.1\junit-jupiter-5.10.1.jar;C:\Users\Family\.m2\repository\org\junit\jupiter\junit-jupiter-api\5.10.1\junit-jupiter-api-5.10.1.jar;C:\Users\Family\.m2\repository\org\opentest4j\opentest4j\1.3.0\opentest4j-1.3.0.jar;C:\Users\Family\.m2\repository\org\junit\platform\junit-platform-commons\1.10.1\junit-platform-commons-1.10.1.jar;C:\Users\Family\.m2\repository\org\apiguardian\apiguardian-api\1.1.2\apiguardian-api-1.1.2.jar;C:\Users\Family\.m2\repository\org\junit\jupiter\junit-jupiter-params\5.10.1\junit-jupiter-params-5.10.1.jar;C:\Users\Family\.m2\repository\org\junit\jupiter\junit-jupiter-engine\5.10.1\junit-jupiter-engine-5.10.1.jar;C:\Users\Family\.m2\repository\org\junit\platform\junit-platform-engine\1.10.1\junit-platform-engine-1.10.1.jar;C:\Users\Family\.m2\repository\org\mockito\mockito-core\5.7.0\mockito-core-5.7.0.jar;C:\Users\Family\.m2\repository\net\bytebuddy\byte-buddy-agent\1.14.10\byte-buddy-agent-1.14.10.jar;C:\Users\Family\.m2\repository\org\objenesis\objenesis\3.3\objenesis-3.3.jar;C:\Users\Family\.m2\repository\org\mockito\mockito-junit-jupiter\5.7.0\mockito-junit-jupiter-5.7.0.jar;C:\Users\Family\.m2\repository\org\skyscreamer\jsonassert\1.5.1\jsonassert-1.5.1.jar;C:\Users\Family\.m2\repository\com\vaadin\external\google\android-json\0.0.20131108.vaadin1\android-json-0.0.20131108.vaadin1.jar;C:\Users\Family\.m2\repository\org\springframework\spring-core\6.1.1\spring-core-6.1.1.jar;C:\Users\Family\.m2\repository\org\springframework\spring-jcl\6.1.1\spring-jcl-6.1.1.jar;C:\Users\Family\.m2\repository\org\springframework\spring-test\6.1.1\spring-test-6.1.1.jar;C:\Users\Family\.m2\repository\org\xmlunit\xmlunit-core\2.9.1\xmlunit-core-2.9.1.jar;C:\Users\Family\.m2\repository\org\springframework\batch\spring-batch-test\5.1.0\spring-batch-test-5.1.0.jar;"/>
    <property name="sun.cpu.endian" value="little"/>
    <property name="user.home" value="C:\Users\Family"/>
    <property name="user.language" value="de"/>
    <property name="java.specification.vendor" value="Oracle Corporation"/>
    <property name="java.version.date" value="2022-08-18"/>
    <property name="java.home" value="C:\Program Files\Java\jdk-18.0.2.1"/>
    <property name="file.separator" value="\"/>
    <property name="basedir" value="C:\Users\Family\git\spring-batch-with-hsql-database"/>
    <property name="style.color" value="always"/>
    <property name="java.vm.compressedOopsMode" value="Zero based"/>
    <property name="line.separator" value="&#10;"/>
    <property name="java.vm.specification.vendor" value="Oracle Corporation"/>
    <property name="java.specification.name" value="Java Platform API Specification"/>
    <property name="FILE_LOG_CHARSET" value="UTF-8"/>
    <property name="java.awt.headless" value="true"/>
    <property name="surefire.real.class.path" value="C:\Users\Family\AppData\Local\Temp\surefire17024316277354518116\surefirebooter-20240614213221222_3.jar"/>
    <property name="user.script" value=""/>
    <property name="sun.management.compiler" value="HotSpot 64-Bit Tiered Compilers"/>
    <property name="java.runtime.version" value="18.0.2.1+1-1"/>
    <property name="user.name" value="Family"/>
    <property name="path.separator" value=";"/>
    <property name="os.version" value="10.0"/>
    <property name="java.runtime.name" value="Java(TM) SE Runtime Environment"/>
    <property name="file.encoding" value="UTF-8"/>
    <property name="java.vm.name" value="Java HotSpot(TM) 64-Bit Server VM"/>
    <property name="localRepository" value="C:\Users\Family\.m2\repository"/>
    <property name="java.vendor.url.bug" value="https://bugreport.java.com/bugreport/"/>
    <property name="java.io.tmpdir" value="C:\Users\Family\AppData\Local\Temp\"/>
    <property name="java.version" value="18.0.2.1"/>
    <property name="user.dir" value="C:\Users\Family\git\spring-batch-with-hsql-database"/>
    <property name="os.arch" value="amd64"/>
    <property name="java.vm.specification.name" value="Java Virtual Machine Specification"/>
    <property name="PID" value="7416"/>
    <property name="sun.os.patch.level" value=""/>
    <property name="CONSOLE_LOG_CHARSET" value="UTF-8"/>
    <property name="native.encoding" value="Cp1252"/>
    <property name="java.library.path" value="C:\Program Files\Java\jdk-18.0.2.1\bin;C:\WINDOWS\Sun\Java\bin;C:\WINDOWS\system32;C:\WINDOWS;C:\Python310\Scripts\;C:\Python310\;C:\Program Files\Common Files\Oracle\Java\javapath;C:\Program Files (x86)\Common Files\Oracle\Java\javapath;C:\ProgramData\QFS\QF-Test\qftestpath;C:\Program Files (x86)\Intel\iCLS Client\;C:\Program Files\Intel\iCLS Client\;C:\Windows\system32;C:\Windows;C:\Windows\System32\Wbem;C:\Windows\System32\WindowsPowerShell\v1.0\;C:\Program Files (x86)\NVIDIA Corporation\PhysX\Common;C:\Program Files (x86)\Intel\Intel(R) Management Engine Components\DAL;C:\Program Files\Intel\Intel(R) Management Engine Components\DAL;C:\Program Files (x86)\Intel\Intel(R) Management Engine Components\IPT;C:\Program Files\Intel\Intel(R) Management Engine Components\IPT;C:\Program Files\Intel\WiFi\bin\;C:\Program Files\Common Files\Intel\WirelessCommon\;C:\WINDOWS\system32;C:\WINDOWS;C:\WINDOWS\System32\Wbem;C:\WINDOWS\System32\WindowsPowerShell\v1.0\;C:\WINDOWS\System32\OpenSSH\;C:\Program Files\Java\jdk1.8.0_231_TEST\bin;C:\Program Files\NVIDIA Corporation\NVIDIA NvDLISR;C:\Program Files (x86)\Yarn\bin\;C:\ProgramData\chocolatey\bin;C:\Program Files\nodejs\;C:\Program Files\maven\apache-maven-3.9.5\bin;C:\Program Files\Java\jdk1.8.0_231_TEST\bin;C:\MinGW\bin;;C:\Program Files\Docker\Docker\resources\bin;C:\Users\Family\AppData\Local\Microsoft\WindowsApps;C:\Users\Family\AppData\Local\Programs\Git\cmd;C:\Users\Family\AppData\Local\Programs\Microsoft VS Code\bin;C:\Users\Family\AppData\Roaming\npm;."/>
    <property name="java.vm.info" value="mixed mode, sharing"/>
    <property name="java.vendor" value="Oracle Corporation"/>
    <property name="java.vm.version" value="18.0.2.1+1-1"/>
    <property name="sun.io.unicode.encoding" value="UnicodeLittle"/>
    <property name="java.class.version" value="62.0"/>
  </properties>
  <testcase name="importUserJob_WhenJobEnds_ThenStatusCompleted" classname="com.example.batchprocessing.BatchConfigurationTest" time="0.312">
    <system-out><![CDATA[21:32:22.332 [main] INFO org.springframework.test.context.support.AnnotationConfigContextLoaderUtils -- Could not detect default configuration classes for test class [com.example.batchprocessing.BatchConfigurationTest]: BatchConfigurationTest does not declare any static, non-private, non-final, nested classes annotated with @Configuration.
21:32:22.480 [main] INFO org.springframework.boot.test.context.SpringBootTestContextBootstrapper -- Found @SpringBootConfiguration com.example.batchprocessing.BatchProcessingApplication for test class com.example.batchprocessing.BatchConfigurationTest

  .   ____          _            __ _ _
 /\\ / ___'_ __ _ _(_)_ __  __ _ \ \ \ \
( ( )\___ | '_ | '_| | '_ \/ _` | \ \ \ \
 \\/  ___)| |_)| | | | | || (_| |  ) ) ) )
  '  |____| .__|_| |_|_| |_\__, | / / / /
 =========|_|==============|___/=/_/_/_/
 :: Spring Boot ::                (v3.2.0)

2024-06-14T21:32:23.057+02:00  INFO 7416 --- [           main] c.e.b.BatchConfigurationTest             : Starting BatchConfigurationTest using Java 18.0.2.1 with PID 7416 (started by Family in C:\Users\Family\git\spring-batch-with-hsql-database)
2024-06-14T21:32:23.059+02:00  INFO 7416 --- [           main] c.e.b.BatchConfigurationTest             : The following 1 profile is active: "test"
2024-06-14T21:32:23.819+02:00  WARN 7416 --- [           main] trationDelegate$BeanPostProcessorChecker : Bean 'batchConfiguration' of type [com.example.batchprocessing.BatchConfiguration$$SpringCGLIB$$0] is not eligible for getting processed by all BeanPostProcessors (for example: not eligible for auto-proxying). Is this bean getting eagerly injected into a currently created BeanPostProcessor [jobRegistryBeanPostProcessor]? Check the corresponding BeanPostProcessor declaration and its dependencies.
==> HSQl datasource
2024-06-14T21:32:23.834+02:00  INFO 7416 --- [           main] o.s.j.d.e.EmbeddedDatabaseFactory        : Starting embedded database: url='jdbc:hsqldb:mem:testdb', username='sa'
==> customer ID:1
==> customer Name:foo1
==> customer ID:2
==> customer Name:foo2
==> customer ID:3
==> customer Name:foo3
==> customer ID:4
==> customer Name:foo4
==> customer ID:5
==> customer Name:foo5
==> customer ID:6
==> customer Name:foo6
==> customer ID:7
==> customer Name:foo7
==> customer ID:8
==> customer Name:foo8
==> customer ID:9
==> customer Name:foo9
==> customer ID:10
==> customer Name:foo10
2024-06-14T21:32:24.164+02:00  WARN 7416 --- [           main] trationDelegate$BeanPostProcessorChecker : Bean 'dataSource' of type [org.springframework.jdbc.datasource.embedded.EmbeddedDatabaseFactory$EmbeddedDataSourceProxy] is not eligible for getting processed by all BeanPostProcessors (for example: not eligible for auto-proxying). Is this bean getting eagerly injected into a currently created BeanPostProcessor [jobRegistryBeanPostProcessor]? Check the corresponding BeanPostProcessor declaration and its dependencies.
2024-06-14T21:32:24.168+02:00  WARN 7416 --- [           main] trationDelegate$BeanPostProcessorChecker : Bean 'org.springframework.boot.autoconfigure.jdbc.DataSourceTransactionManagerAutoConfiguration$JdbcTransactionManagerConfiguration' of type [org.springframework.boot.autoconfigure.jdbc.DataSourceTransactionManagerAutoConfiguration$JdbcTransactionManagerConfiguration] is not eligible for getting processed by all BeanPostProcessors (for example: not eligible for auto-proxying). Is this bean getting eagerly injected into a currently created BeanPostProcessor [jobRegistryBeanPostProcessor]? Check the corresponding BeanPostProcessor declaration and its dependencies.
2024-06-14T21:32:24.177+02:00  WARN 7416 --- [           main] trationDelegate$BeanPostProcessorChecker : Bean 'org.springframework.boot.autoconfigure.transaction.TransactionManagerCustomizationAutoConfiguration' of type [org.springframework.boot.autoconfigure.transaction.TransactionManagerCustomizationAutoConfiguration] is not eligible for getting processed by all BeanPostProcessors (for example: not eligible for auto-proxying). Is this bean getting eagerly injected into a currently created BeanPostProcessor [jobRegistryBeanPostProcessor]? Check the corresponding BeanPostProcessor declaration and its dependencies.
2024-06-14T21:32:24.184+02:00  WARN 7416 --- [           main] trationDelegate$BeanPostProcessorChecker : Bean 'transactionExecutionListeners' of type [org.springframework.boot.autoconfigure.transaction.ExecutionListenersTransactionManagerCustomizer] is not eligible for getting processed by all BeanPostProcessors (for example: not eligible for auto-proxying). Is this bean getting eagerly injected into a currently created BeanPostProcessor [jobRegistryBeanPostProcessor]? Check the corresponding BeanPostProcessor declaration and its dependencies.
2024-06-14T21:32:24.203+02:00  WARN 7416 --- [           main] trationDelegate$BeanPostProcessorChecker : Bean 'spring.transaction-org.springframework.boot.autoconfigure.transaction.TransactionProperties' of type [org.springframework.boot.autoconfigure.transaction.TransactionProperties] is not eligible for getting processed by all BeanPostProcessors (for example: not eligible for auto-proxying). Is this bean getting eagerly injected into a currently created BeanPostProcessor [jobRegistryBeanPostProcessor]? Check the corresponding BeanPostProcessor declaration and its dependencies.
2024-06-14T21:32:24.204+02:00  WARN 7416 --- [           main] trationDelegate$BeanPostProcessorChecker : Bean 'platformTransactionManagerCustomizers' of type [org.springframework.boot.autoconfigure.transaction.TransactionManagerCustomizers] is not eligible for getting processed by all BeanPostProcessors (for example: not eligible for auto-proxying). Is this bean getting eagerly injected into a currently created BeanPostProcessor [jobRegistryBeanPostProcessor]? Check the corresponding BeanPostProcessor declaration and its dependencies.
2024-06-14T21:32:24.211+02:00  WARN 7416 --- [           main] trationDelegate$BeanPostProcessorChecker : Bean 'transactionManager' of type [org.springframework.jdbc.support.JdbcTransactionManager] is not eligible for getting processed by all BeanPostProcessors (for example: not eligible for auto-proxying). Is this bean getting eagerly injected into a currently created BeanPostProcessor [jobRegistryBeanPostProcessor]? Check the corresponding BeanPostProcessor declaration and its dependencies.
2024-06-14T21:32:24.214+02:00  WARN 7416 --- [           main] trationDelegate$BeanPostProcessorChecker : Bean 'spring.batch-org.springframework.boot.autoconfigure.batch.BatchProperties' of type [org.springframework.boot.autoconfigure.batch.BatchProperties] is not eligible for getting processed by all BeanPostProcessors (for example: not eligible for auto-proxying). Is this bean getting eagerly injected into a currently created BeanPostProcessor [jobRegistryBeanPostProcessor]? Check the corresponding BeanPostProcessor declaration and its dependencies.
2024-06-14T21:32:24.223+02:00  WARN 7416 --- [           main] trationDelegate$BeanPostProcessorChecker : Bean 'org.springframework.boot.autoconfigure.batch.BatchAutoConfiguration$SpringBootBatchConfiguration' of type [org.springframework.boot.autoconfigure.batch.BatchAutoConfiguration$SpringBootBatchConfiguration] is not eligible for getting processed by all BeanPostProcessors (for example: not eligible for auto-proxying). The currently created BeanPostProcessor [jobRegistryBeanPostProcessor] is declared through a non-static factory method on that class; consider declaring it as static instead.
2024-06-14T21:32:24.622+02:00  INFO 7416 --- [           main] c.e.b.BatchConfigurationTest             : Started BatchConfigurationTest in 1.98 seconds (process running for 3.249)
2024-06-14T21:32:24.769+02:00  INFO 7416 --- [           main] o.s.b.c.l.support.SimpleJobLauncher      : Job: [SimpleJob: [name=importUserJob]] launched with the following parameters: [{'random':'{value=-996842943219617028, type=class java.lang.Long, identifying=true}'}]
2024-06-14T21:32:24.795+02:00  INFO 7416 --- [           main] o.s.batch.core.job.SimpleStepHandler     : Executing step: [step1]
2024-06-14T21:32:24.844+02:00  INFO 7416 --- [           main] c.e.batchprocessing.PersonItemProcessor  : Converting (Person[person_ID=3547, name=Olsen Robin , firstName=Robin, lastName=Olsen, middle=m, email=OlsenR@univ.edu, phone=963.555.1378, fax=963.777.9262, title=Assistant Professor]) into (Person[person_ID=3547, name=OLSEN ROBIN , firstName=ROBIN, lastName=OLSEN, middle=M, email=OLSENR@UNIV.EDU, phone=963.555.1378, fax=963.777.9262, title=ASSISTANT PROFESSOR])
2024-06-14T21:32:24.845+02:00  INFO 7416 --- [           main] c.e.batchprocessing.PersonItemProcessor  : Converting (Person[person_ID=2941, name=Brian Heath, firstName= Pruitt, lastName=Heath, middle=Brian, email=BrianH@univ.edu, phone=963.555.2800, fax=963.777.7249, title=Associate Curator ]) into (Person[person_ID=2941, name=BRIAN HEATH, firstName= PRUITT, lastName=HEATH, middle=BRIAN, email=BRIANH@UNIV.EDU, phone=963.555.2800, fax=963.777.7249, title=ASSOCIATE CURATOR ])
2024-06-14T21:32:24.846+02:00  INFO 7416 --- [           main] c.e.batchprocessing.PersonItemProcessor  : Converting (Person[person_ID=2401, name=Elvin Haney, firstName=Elvin, lastName=Claude, middle=Haney, email=ClaudeE@univ.edu, phone=963.555.2902, fax=963.777.9730, title=Curator]) into (Person[person_ID=2401, name=ELVIN HANEY, firstName=ELVIN, lastName=CLAUDE, middle=HANEY, email=CLAUDEE@UNIV.EDU, phone=963.555.2902, fax=963.777.9730, title=CURATOR])
2024-06-14T21:32:24.868+02:00  INFO 7416 --- [           main] c.e.batchprocessing.PersonItemProcessor  : Converting (Person[person_ID=2070, name=Mosley Edmund , firstName=Edmund, lastName=Mosley, middle=m, email=MosleyE@univ.edu, phone=963.555.2945, fax=963.777.9285, title=Assistant Professor]) into (Person[person_ID=2070, name=MOSLEY EDMUND , firstName=EDMUND, lastName=MOSLEY, middle=M, email=MOSLEYE@UNIV.EDU, phone=963.555.2945, fax=963.777.9285, title=ASSISTANT PROFESSOR])
2024-06-14T21:32:24.868+02:00  INFO 7416 --- [           main] c.e.batchprocessing.PersonItemProcessor  : Converting (Person[person_ID=2561, name=Derek Antoine, firstName= Mccoy, lastName=Antoine, middle=Derek, email=DerekA@univ.edu, phone=963.555.2992, fax=963.777.5454, title=Curator]) into (Person[person_ID=2561, name=DEREK ANTOINE, firstName= MCCOY, lastName=ANTOINE, middle=DEREK, email=DEREKA@UNIV.EDU, phone=963.555.2992, fax=963.777.5454, title=CURATOR])
2024-06-14T21:32:24.869+02:00  INFO 7416 --- [           main] c.e.batchprocessing.PersonItemProcessor  : Converting (Person[person_ID=1625, name=Hawkins Callie , firstName=Callie, lastName=Hawkins, middle=m, email= HawkinsC@univ.edu, phone=963.555.3350x6480, fax=963.777.4949, title=Professor]) into (Person[person_ID=1625, name=HAWKINS CALLIE , firstName=CALLIE, lastName=HAWKINS, middle=M, email= HAWKINSC@UNIV.EDU, phone=963.555.3350X6480, fax=963.777.4949, title=PROFESSOR])
2024-06-14T21:32:24.873+02:00  INFO 7416 --- [           main] c.e.batchprocessing.PersonItemProcessor  : Converting (Person[person_ID=1307, name=Pate Andrea , firstName=Andrea, lastName=Pate, middle=m, email= PateA@univ.edu, phone=963.555.3723, fax=963.777.5049, title=Professor]) into (Person[person_ID=1307, name=PATE ANDREA , firstName=ANDREA, lastName=PATE, middle=M, email= PATEA@UNIV.EDU, phone=963.555.3723, fax=963.777.5049, title=PROFESSOR])
2024-06-14T21:32:24.873+02:00  INFO 7416 --- [           main] c.e.batchprocessing.PersonItemProcessor  : Converting (Person[person_ID=2342, name=Austin, firstName= Liz , lastName=Liz, middle=Austin, email=AustinL@univ.edu, phone=963.555.4305, fax=963.777.6143, title=Assistant Professor]) into (Person[person_ID=2342, name=AUSTIN, firstName= LIZ , lastName=LIZ, middle=AUSTIN, email=AUSTINL@UNIV.EDU, phone=963.555.4305, fax=963.777.6143, title=ASSISTANT PROFESSOR])
2024-06-14T21:32:24.873+02:00  INFO 7416 --- [           main] c.e.batchprocessing.PersonItemProcessor  : Converting (Person[person_ID=2755, name=Kendrick Reba, firstName= Alford, lastName=Reba, middle= Kendrick, email=KendrickR@univ.edu, phone=963.555.4618x7744, fax=963.777.4371, title=Associate Curator ]) into (Person[person_ID=2755, name=KENDRICK REBA, firstName= ALFORD, lastName=REBA, middle= KENDRICK, email=KENDRICKR@UNIV.EDU, phone=963.555.4618X7744, fax=963.777.4371, title=ASSOCIATE CURATOR ])
2024-06-14T21:32:24.878+02:00  INFO 7416 --- [           main] c.e.batchprocessing.PersonItemProcessor  : Converting (Person[person_ID=4150, name=Sims, firstName= Angelina , lastName=Angelina, middle=Sims, email=SimsA@univ.edu, phone=963.555.5278, fax=963.777.4400, title=Professor]) into (Person[person_ID=4150, name=SIMS, firstName= ANGELINA , lastName=ANGELINA, middle=SIMS, email=SIMSA@UNIV.EDU, phone=963.555.5278, fax=963.777.4400, title=PROFESSOR])
2024-06-14T21:32:24.878+02:00  INFO 7416 --- [           main] c.e.batchprocessing.PersonItemProcessor  : Converting (Person[person_ID=3544, name=Mullins, firstName= Kimberly , lastName=Kimberly, middle=Mullins, email=MullinsK@univ.edu, phone=963.555.5471x1017, fax=963.777.9783, title=Assistant Professor]) into (Person[person_ID=3544, name=MULLINS, firstName= KIMBERLY , lastName=KIMBERLY, middle=MULLINS, email=MULLINSK@UNIV.EDU, phone=963.555.5471X1017, fax=963.777.9783, title=ASSISTANT PROFESSOR])
2024-06-14T21:32:24.878+02:00  INFO 7416 --- [           main] c.e.batchprocessing.PersonItemProcessor  : Converting (Person[person_ID=2096, name=Chuck, firstName= Lloyd Haney, lastName=Lloyd, middle=Chuck, email=ChuckL@univ.edu, phone=963.555.5568x2652, fax=963.777.9290, title=Assistant Professor]) into (Person[person_ID=2096, name=CHUCK, firstName= LLOYD HANEY, lastName=LLOYD, middle=CHUCK, email=CHUCKL@UNIV.EDU, phone=963.555.5568X2652, fax=963.777.9290, title=ASSISTANT PROFESSOR])
2024-06-14T21:32:24.882+02:00  INFO 7416 --- [           main] c.e.batchprocessing.PersonItemProcessor  : Converting (Person[person_ID=1089, name=Payne, firstName= Ladonna , lastName=Ladonna, middle=Payne, email=PayneL@univ.edu, phone=963.555.5639, fax=963.777.6469, title=Professor]) into (Person[person_ID=1089, name=PAYNE, firstName= LADONNA , lastName=LADONNA, middle=PAYNE, email=PAYNEL@UNIV.EDU, phone=963.555.5639, fax=963.777.6469, title=PROFESSOR])
2024-06-14T21:32:24.883+02:00  INFO 7416 --- [           main] c.e.batchprocessing.PersonItemProcessor  : Converting (Person[person_ID=2948, name=Baxter, firstName= Johnathan Browning, lastName=Johnathan, middle=Baxter, email=BaxterJ@univ.edu, phone=963.555.5902, fax=963.777.8336, title=Research Professor]) into (Person[person_ID=2948, name=BAXTER, firstName= JOHNATHAN BROWNING, lastName=JOHNATHAN, middle=BAXTER, email=BAXTERJ@UNIV.EDU, phone=963.555.5902, fax=963.777.8336, title=RESEARCH PROFESSOR])
2024-06-14T21:32:24.883+02:00  INFO 7416 --- [           main] c.e.batchprocessing.PersonItemProcessor  : Converting (Person[person_ID=4539, name=Weiss, firstName= Gilbert , lastName=Gilbert, middle=Weiss, email=WeissG@univ.edu, phone=963.555.5969, fax=963.777.4975, title=Professor]) into (Person[person_ID=4539, name=WEISS, firstName= GILBERT , lastName=GILBERT, middle=WEISS, email=WEISSG@UNIV.EDU, phone=963.555.5969, fax=963.777.4975, title=PROFESSOR])
2024-06-14T21:32:24.889+02:00  INFO 7416 --- [           main] o.s.batch.core.step.AbstractStep         : Step: [step1] executed in 94ms
2024-06-14T21:32:24.893+02:00  INFO 7416 --- [           main] c.e.b.JobCompletionNotificationListener  : !!! JOB FINISHED! Time to verify the results
2024-06-14T21:32:24.897+02:00  INFO 7416 --- [           main] c.e.b.JobCompletionNotificationListener  : Found <{Person[person_ID=1089, name=PAYNE, firstName= LADONNA , lastName=LADONNA, middle=PAYNE, email=PAYNEL@UNIV.EDU, phone=963.555.5639, fax=963.777.6469, title=PROFESSOR]}> in the database.
2024-06-14T21:32:24.899+02:00  INFO 7416 --- [           main] c.e.b.JobCompletionNotificationListener  : Found <{Person[person_ID=1307, name=PATE ANDREA , firstName=ANDREA, lastName=PATE, middle=M, email= PATEA@UNIV.EDU, phone=963.555.3723, fax=963.777.5049, title=PROFESSOR]}> in the database.
2024-06-14T21:32:24.899+02:00  INFO 7416 --- [           main] c.e.b.JobCompletionNotificationListener  : Found <{Person[person_ID=1625, name=HAWKINS CALLIE , firstName=CALLIE, lastName=HAWKINS, middle=M, email= HAWKINSC@UNIV.EDU, phone=963.555.3350X6480, fax=963.777.4949, title=PROFESSOR]}> in the database.
2024-06-14T21:32:24.899+02:00  INFO 7416 --- [           main] c.e.b.JobCompletionNotificationListener  : Found <{Person[person_ID=2070, name=MOSLEY EDMUND , firstName=EDMUND, lastName=MOSLEY, middle=M, email=MOSLEYE@UNIV.EDU, phone=963.555.2945, fax=963.777.9285, title=ASSISTANT PROFESSOR]}> in the database.
2024-06-14T21:32:24.899+02:00  INFO 7416 --- [           main] c.e.b.JobCompletionNotificationListener  : Found <{Person[person_ID=2096, name=CHUCK, firstName= LLOYD HANEY, lastName=LLOYD, middle=CHUCK, email=CHUCKL@UNIV.EDU, phone=963.555.5568X2652, fax=963.777.9290, title=ASSISTANT PROFESSOR]}> in the database.
2024-06-14T21:32:24.899+02:00  INFO 7416 --- [           main] c.e.b.JobCompletionNotificationListener  : Found <{Person[person_ID=2342, name=AUSTIN, firstName= LIZ , lastName=LIZ, middle=AUSTIN, email=AUSTINL@UNIV.EDU, phone=963.555.4305, fax=963.777.6143, title=ASSISTANT PROFESSOR]}> in the database.
2024-06-14T21:32:24.900+02:00  INFO 7416 --- [           main] c.e.b.JobCompletionNotificationListener  : Found <{Person[person_ID=2401, name=ELVIN HANEY, firstName=ELVIN, lastName=CLAUDE, middle=HANEY, email=CLAUDEE@UNIV.EDU, phone=963.555.2902, fax=963.777.9730, title=CURATOR]}> in the database.
2024-06-14T21:32:24.900+02:00  INFO 7416 --- [           main] c.e.b.JobCompletionNotificationListener  : Found <{Person[person_ID=2561, name=DEREK ANTOINE, firstName= MCCOY, lastName=ANTOINE, middle=DEREK, email=DEREKA@UNIV.EDU, phone=963.555.2992, fax=963.777.5454, title=CURATOR]}> in the database.
2024-06-14T21:32:24.900+02:00  INFO 7416 --- [           main] c.e.b.JobCompletionNotificationListener  : Found <{Person[person_ID=2755, name=KENDRICK REBA, firstName= ALFORD, lastName=REBA, middle= KENDRICK, email=KENDRICKR@UNIV.EDU, phone=963.555.4618X7744, fax=963.777.4371, title=ASSOCIATE CURATOR ]}> in the database.
2024-06-14T21:32:24.900+02:00  INFO 7416 --- [           main] c.e.b.JobCompletionNotificationListener  : Found <{Person[person_ID=2941, name=BRIAN HEATH, firstName= PRUITT, lastName=HEATH, middle=BRIAN, email=BRIANH@UNIV.EDU, phone=963.555.2800, fax=963.777.7249, title=ASSOCIATE CURATOR ]}> in the database.
2024-06-14T21:32:24.900+02:00  INFO 7416 --- [           main] c.e.b.JobCompletionNotificationListener  : Found <{Person[person_ID=2948, name=BAXTER, firstName= JOHNATHAN BROWNING, lastName=JOHNATHAN, middle=BAXTER, email=BAXTERJ@UNIV.EDU, phone=963.555.5902, fax=963.777.8336, title=RESEARCH PROFESSOR]}> in the database.
2024-06-14T21:32:24.900+02:00  INFO 7416 --- [           main] c.e.b.JobCompletionNotificationListener  : Found <{Person[person_ID=3544, name=MULLINS, firstName= KIMBERLY , lastName=KIMBERLY, middle=MULLINS, email=MULLINSK@UNIV.EDU, phone=963.555.5471X1017, fax=963.777.9783, title=ASSISTANT PROFESSOR]}> in the database.
2024-06-14T21:32:24.900+02:00  INFO 7416 --- [           main] c.e.b.JobCompletionNotificationListener  : Found <{Person[person_ID=3547, name=OLSEN ROBIN , firstName=ROBIN, lastName=OLSEN, middle=M, email=OLSENR@UNIV.EDU, phone=963.555.1378, fax=963.777.9262, title=ASSISTANT PROFESSOR]}> in the database.
2024-06-14T21:32:24.900+02:00  INFO 7416 --- [           main] c.e.b.JobCompletionNotificationListener  : Found <{Person[person_ID=4150, name=SIMS, firstName= ANGELINA , lastName=ANGELINA, middle=SIMS, email=SIMSA@UNIV.EDU, phone=963.555.5278, fax=963.777.4400, title=PROFESSOR]}> in the database.
2024-06-14T21:32:24.900+02:00  INFO 7416 --- [           main] c.e.b.JobCompletionNotificationListener  : Found <{Person[person_ID=4539, name=WEISS, firstName= GILBERT , lastName=GILBERT, middle=WEISS, email=WEISSG@UNIV.EDU, phone=963.555.5969, fax=963.777.4975, title=PROFESSOR]}> in the database.
2024-06-14T21:32:24.905+02:00  INFO 7416 --- [           main] o.s.b.c.l.support.SimpleJobLauncher      : Job: [SimpleJob: [name=importUserJob]] completed with the following parameters: [{'random':'{value=-996842943219617028, type=class java.lang.Long, identifying=true}'}] and the following status: [COMPLETED] in 109ms
==> importUserJob_WhenJobEnds_ThenStatusCompleted >>Customer ID:1
==> importUserJob_WhenJobEnds_ThenStatusCompleted >>Customer Name:foo1
==> importUserJob_WhenJobEnds_ThenStatusCompleted >>Customer ID:2
==> importUserJob_WhenJobEnds_ThenStatusCompleted >>Customer Name:foo2
==> importUserJob_WhenJobEnds_ThenStatusCompleted >>Customer ID:3
==> importUserJob_WhenJobEnds_ThenStatusCompleted >>Customer Name:foo3
==> importUserJob_WhenJobEnds_ThenStatusCompleted >>Customer ID:4
==> importUserJob_WhenJobEnds_ThenStatusCompleted >>Customer Name:foo4
==> importUserJob_WhenJobEnds_ThenStatusCompleted >>Customer ID:5
==> importUserJob_WhenJobEnds_ThenStatusCompleted >>Customer Name:foo5
==> importUserJob_WhenJobEnds_ThenStatusCompleted >>Customer ID:6
==> importUserJob_WhenJobEnds_ThenStatusCompleted >>Customer Name:foo6
==> importUserJob_WhenJobEnds_ThenStatusCompleted >>Customer ID:7
==> importUserJob_WhenJobEnds_ThenStatusCompleted >>Customer Name:foo7
==> importUserJob_WhenJobEnds_ThenStatusCompleted >>Customer ID:8
==> importUserJob_WhenJobEnds_ThenStatusCompleted >>Customer Name:foo8
==> importUserJob_WhenJobEnds_ThenStatusCompleted >>Customer ID:9
==> importUserJob_WhenJobEnds_ThenStatusCompleted >>Customer Name:foo9
==> importUserJob_WhenJobEnds_ThenStatusCompleted >>Customer ID:10
==> importUserJob_WhenJobEnds_ThenStatusCompleted >>Customer Name:foo10
==> importUserJob_WhenJobEnds_ThenStatusCompleted >> Person ID:1089
==> importUserJob_WhenJobEnds_ThenStatusCompleted >> Person Name:PAYNE
==> importUserJob_WhenJobEnds_ThenStatusCompleted >> Person ID:1307
==> importUserJob_WhenJobEnds_ThenStatusCompleted >> Person Name:PATE ANDREA 
==> importUserJob_WhenJobEnds_ThenStatusCompleted >> Person ID:1625
==> importUserJob_WhenJobEnds_ThenStatusCompleted >> Person Name:HAWKINS CALLIE 
==> importUserJob_WhenJobEnds_ThenStatusCompleted >> Person ID:2070
==> importUserJob_WhenJobEnds_ThenStatusCompleted >> Person Name:MOSLEY EDMUND 
==> importUserJob_WhenJobEnds_ThenStatusCompleted >> Person ID:2096
==> importUserJob_WhenJobEnds_ThenStatusCompleted >> Person Name:CHUCK
==> importUserJob_WhenJobEnds_ThenStatusCompleted >> Person ID:2342
==> importUserJob_WhenJobEnds_ThenStatusCompleted >> Person Name:AUSTIN
==> importUserJob_WhenJobEnds_ThenStatusCompleted >> Person ID:2401
==> importUserJob_WhenJobEnds_ThenStatusCompleted >> Person Name:ELVIN HANEY
==> importUserJob_WhenJobEnds_ThenStatusCompleted >> Person ID:2561
==> importUserJob_WhenJobEnds_ThenStatusCompleted >> Person Name:DEREK ANTOINE
==> importUserJob_WhenJobEnds_ThenStatusCompleted >> Person ID:2755
==> importUserJob_WhenJobEnds_ThenStatusCompleted >> Person Name:KENDRICK REBA
==> importUserJob_WhenJobEnds_ThenStatusCompleted >> Person ID:2941
==> importUserJob_WhenJobEnds_ThenStatusCompleted >> Person Name:BRIAN HEATH
==> importUserJob_WhenJobEnds_ThenStatusCompleted >> Person ID:2948
==> importUserJob_WhenJobEnds_ThenStatusCompleted >> Person Name:BAXTER
==> importUserJob_WhenJobEnds_ThenStatusCompleted >> Person ID:3544
==> importUserJob_WhenJobEnds_ThenStatusCompleted >> Person Name:MULLINS
==> importUserJob_WhenJobEnds_ThenStatusCompleted >> Person ID:3547
==> importUserJob_WhenJobEnds_ThenStatusCompleted >> Person Name:OLSEN ROBIN 
==> importUserJob_WhenJobEnds_ThenStatusCompleted >> Person ID:4150
==> importUserJob_WhenJobEnds_ThenStatusCompleted >> Person Name:SIMS
==> importUserJob_WhenJobEnds_ThenStatusCompleted >> Person ID:4539
==> importUserJob_WhenJobEnds_ThenStatusCompleted >> Person Name:WEISS
]]></system-out>
  </testcase>
</testsuite>